This file contains any messages produced by compilers while
running configure, to aid debugging if configure makes a mistake.

It was created by jellyfish configure 2.3.0, which was
generated by GNU Autoconf 2.69.  Invocation command line was

  $ ./configure 

## --------- ##
## Platform. ##
## --------- ##

hostname = kushagra
uname -m = x86_64
uname -r = 5.11.0-25-generic
uname -s = Linux
uname -v = #27~20.04.1-Ubuntu SMP Tue Jul 13 17:41:23 UTC 2021

/usr/bin/uname -p = x86_64
/bin/uname -X     = unknown

/bin/arch              = x86_64
/usr/bin/arch -k       = unknown
/usr/convex/getsysinfo = unknown
/usr/bin/hostinfo      = unknown
/bin/machine           = unknown
/usr/bin/oslevel       = unknown
/bin/universe          = unknown

PATH: /home/kushagra/anaconda3/condabin
PATH: /home/kushagra/.local/bin
PATH: /usr/local/sbin
PATH: /usr/local/bin
PATH: /usr/sbin
PATH: /usr/bin
PATH: /sbin
PATH: /bin
PATH: /usr/games
PATH: /usr/local/games
PATH: /snap/bin


## ----------- ##
## Core tests. ##
## ----------- ##

configure:2639: checking build system type
configure:2653: result: x86_64-pc-linux-gnu
configure:2673: checking host system type
configure:2686: result: x86_64-pc-linux-gnu
configure:2723: checking for a BSD-compatible install
configure:2791: result: /usr/bin/install -c
configure:2802: checking whether build environment is sane
configure:2857: result: yes
configure:3006: checking for a thread-safe mkdir -p
configure:3045: result: /usr/bin/mkdir -p
configure:3052: checking for gawk
configure:3068: found /usr/bin/gawk
configure:3079: result: gawk
configure:3090: checking whether make sets $(MAKE)
configure:3112: result: yes
configure:3141: checking whether make supports nested variables
configure:3158: result: yes
configure:3295: checking whether make supports nested variables
configure:3312: result: yes
configure:3372: checking how to print strings
configure:3399: result: printf
configure:3424: checking whether make supports the include directive
configure:3439: make -f confmf.GNU && cat confinc.out
this is the am__doit target
configure:3442: $? = 0
configure:3461: result: yes (GNU style)
configure:3531: checking for gcc
configure:3547: found /usr/bin/gcc
configure:3558: result: gcc
configure:3787: checking for C compiler version
configure:3796: gcc --version >&5
gcc (Ubuntu 9.3.0-17ubuntu1~20.04) 9.3.0
Copyright (C) 2019 Free Software Foundation, Inc.
This is free software; see the source for copying conditions.  There is NO
warranty; not even for MERCHANTABILITY or FITNESS FOR A PARTICULAR PURPOSE.

configure:3807: $? = 0
configure:3796: gcc -v >&5
Using built-in specs.
COLLECT_GCC=gcc
COLLECT_LTO_WRAPPER=/usr/lib/gcc/x86_64-linux-gnu/9/lto-wrapper
OFFLOAD_TARGET_NAMES=nvptx-none:hsa
OFFLOAD_TARGET_DEFAULT=1
Target: x86_64-linux-gnu
Configured with: ../src/configure -v --with-pkgversion='Ubuntu 9.3.0-17ubuntu1~20.04' --with-bugurl=file:///usr/share/doc/gcc-9/README.Bugs --enable-languages=c,ada,c++,go,brig,d,fortran,objc,obj-c++,gm2 --prefix=/usr --with-gcc-major-version-only --program-suffix=-9 --program-prefix=x86_64-linux-gnu- --enable-shared --enable-linker-build-id --libexecdir=/usr/lib --without-included-gettext --enable-threads=posix --libdir=/usr/lib --enable-nls --enable-clocale=gnu --enable-libstdcxx-debug --enable-libstdcxx-time=yes --with-default-libstdcxx-abi=new --enable-gnu-unique-object --disable-vtable-verify --enable-plugin --enable-default-pie --with-system-zlib --with-target-system-zlib=auto --enable-objc-gc=auto --enable-multiarch --disable-werror --with-arch-32=i686 --with-abi=m64 --with-multilib-list=m32,m64,mx32 --enable-multilib --with-tune=generic --enable-offload-targets=nvptx-none=/build/gcc-9-HskZEa/gcc-9-9.3.0/debian/tmp-nvptx/usr,hsa --without-cuda-driver --enable-checking=release --build=x86_64-linux-gnu --host=x86_64-linux-gnu --target=x86_64-linux-gnu
Thread model: posix
gcc version 9.3.0 (Ubuntu 9.3.0-17ubuntu1~20.04) 
configure:3807: $? = 0
configure:3796: gcc -V >&5
gcc: error: unrecognized command line option '-V'
gcc: fatal error: no input files
compilation terminated.
configure:3807: $? = 1
configure:3796: gcc -qversion >&5
gcc: error: unrecognized command line option '-qversion'; did you mean '--version'?
gcc: fatal error: no input files
compilation terminated.
configure:3807: $? = 1
configure:3827: checking whether the C compiler works
configure:3849: gcc    conftest.c  >&5
configure:3853: $? = 0
configure:3901: result: yes
configure:3904: checking for C compiler default output file name
configure:3906: result: a.out
configure:3912: checking for suffix of executables
configure:3919: gcc -o conftest    conftest.c  >&5
configure:3923: $? = 0
configure:3945: result: 
configure:3967: checking whether we are cross compiling
configure:3975: gcc -o conftest    conftest.c  >&5
configure:3979: $? = 0
configure:3986: ./conftest
configure:3990: $? = 0
configure:3978: result: no
configure:3983: checking for suffix of object files
configure:4005: gcc -c   conftest.c >&5
configure:4009: $? = 0
configure:4030: result: o
configure:4034: checking whether we are using the GNU C compiler
configure:4053: gcc -c   conftest.c >&5
configure:4053: $? = 0
configure:4062: result: yes
configure:4071: checking whether gcc accepts -g
configure:4091: gcc -c -g  conftest.c >&5
configure:4091: $? = 0
configure:4132: result: yes
configure:4149: checking for gcc option to accept ISO C89
configure:4212: gcc  -c -g -O2  conftest.c >&5
configure:4212: $? = 0
configure:4225: result: none needed
configure:4250: checking whether gcc understands -c and -o together
configure:4272: gcc -c conftest.c -o conftest2.o
configure:4275: $? = 0
configure:4272: gcc -c conftest.c -o conftest2.o
configure:4275: $? = 0
configure:4287: result: yes
configure:4306: checking dependency style of gcc
configure:4417: result: gcc3
configure:4432: checking for a sed that does not truncate output
configure:4496: result: /usr/bin/sed
configure:4514: checking for grep that handles long lines and -e
configure:4572: result: /usr/bin/grep
configure:4577: checking for egrep
configure:4639: result: /usr/bin/grep -E
configure:4644: checking for fgrep
configure:4706: result: /usr/bin/grep -F
configure:4741: checking for ld used by gcc
configure:4808: result: /usr/bin/ld
configure:4815: checking if the linker (/usr/bin/ld) is GNU ld
configure:4830: result: yes
configure:4842: checking for BSD- or MS-compatible name lister (nm)
configure:4896: result: /usr/bin/nm -B
configure:5026: checking the name lister (/usr/bin/nm -B) interface
configure:5033: gcc -c -g -O2  conftest.c >&5
configure:5036: /usr/bin/nm -B "conftest.o"
configure:5039: output
0000000000000000 B some_variable
configure:5040: result: BSD nm
configure:5043: checking whether ln -s works
configure:5047: result: yes
configure:5055: checking the maximum length of command line arguments
configure:5186: result: 1572864
configure:5234: checking how to convert x86_64-pc-linux-gnu file names to x86_64-pc-linux-gnu format
configure:5274: result: func_convert_file_noop
configure:5281: checking how to convert x86_64-pc-linux-gnu file names to toolchain format
configure:5301: result: func_convert_file_noop
configure:5308: checking for /usr/bin/ld option to reload object files
configure:5315: result: -r
configure:5389: checking for objdump
configure:5405: found /usr/bin/objdump
configure:5416: result: objdump
configure:5448: checking how to recognize dependent libraries
configure:5648: result: pass_all
configure:5733: checking for dlltool
configure:5763: result: no
configure:5793: checking how to associate runtime and link libraries
configure:5820: result: printf %s\n
configure:5881: checking for ar
configure:5897: found /usr/bin/ar
configure:5908: result: ar
configure:5945: checking for archiver @FILE support
configure:5962: gcc -c -g -O2  conftest.c >&5
configure:5962: $? = 0
configure:5965: ar cr libconftest.a @conftest.lst >&5
configure:5968: $? = 0
configure:5973: ar cr libconftest.a @conftest.lst >&5
ar: conftest.o: No such file or directory
configure:5976: $? = 1
configure:5975: result: @
configure:6033: checking for strip
configure:6049: found /usr/bin/strip
configure:6060: result: strip
configure:6132: checking for ranlib
configure:6148: found /usr/bin/ranlib
configure:6159: result: ranlib
configure:6261: checking command to parse /usr/bin/nm -B output from gcc object
configure:6414: gcc -c -g -O2  conftest.c >&5
configure:6417: $? = 0
configure:6421: /usr/bin/nm -B conftest.o | sed -n -e 's/^.*[	 ]\([ABCDGIRSTW][ABCDGIRSTW]*\)[	 ][	 ]*\([_A-Za-z][_A-Za-z0-9]*\)$/\1 \2 \2/p' | sed '/ __gnu_lto/d' > conftest.nm
configure:6487: gcc -o conftest -g -O2   conftest.c conftstm.o >&5
configure:6490: $? = 0
configure:6528: result: ok
configure:6575: checking for sysroot
configure:6605: result: no
configure:6612: checking for a working dd
configure:6650: result: /usr/bin/dd
configure:6654: checking how to truncate binary pipes
configure:6669: result: /usr/bin/dd bs=4096 count=1
configure:6805: gcc -c -g -O2  conftest.c >&5
configure:6808: $? = 0
configure:6998: checking for mt
configure:7014: found /usr/bin/mt
configure:7025: result: mt
configure:7048: checking if mt is a manifest tool
configure:7054: mt '-?'
configure:7062: result: no
configure:7739: checking how to run the C preprocessor
configure:7770: gcc -E  conftest.c
configure:7770: $? = 0
configure:7784: gcc -E  conftest.c
conftest.c:11:10: fatal error: ac_nonexistent.h: No such file or directory
   11 | #include <ac_nonexistent.h>
      |          ^~~~~~~~~~~~~~~~~~
compilation terminated.
configure:7784: $? = 1
configure: failed program was:
| /* confdefs.h */
| #define PACKAGE_NAME "jellyfish"
| #define PACKAGE_TARNAME "jellyfish"
| #define PACKAGE_VERSION "2.3.0"
| #define PACKAGE_STRING "jellyfish 2.3.0"
| #define PACKAGE_BUGREPORT "gmarcais@umd.edu"
| #define PACKAGE_URL ""
| #define PACKAGE "jellyfish"
| #define VERSION "2.3.0"
| /* end confdefs.h.  */
| #include <ac_nonexistent.h>
configure:7809: result: gcc -E
configure:7829: gcc -E  conftest.c
configure:7829: $? = 0
configure:7843: gcc -E  conftest.c
conftest.c:11:10: fatal error: ac_nonexistent.h: No such file or directory
   11 | #include <ac_nonexistent.h>
      |          ^~~~~~~~~~~~~~~~~~
compilation terminated.
configure:7843: $? = 1
configure: failed program was:
| /* confdefs.h */
| #define PACKAGE_NAME "jellyfish"
| #define PACKAGE_TARNAME "jellyfish"
| #define PACKAGE_VERSION "2.3.0"
| #define PACKAGE_STRING "jellyfish 2.3.0"
| #define PACKAGE_BUGREPORT "gmarcais@umd.edu"
| #define PACKAGE_URL ""
| #define PACKAGE "jellyfish"
| #define VERSION "2.3.0"
| /* end confdefs.h.  */
| #include <ac_nonexistent.h>
configure:7872: checking for ANSI C header files
configure:7892: gcc -c -g -O2  conftest.c >&5
configure:7892: $? = 0
configure:7965: gcc -o conftest -g -O2   conftest.c  >&5
configure:7965: $? = 0
configure:7965: ./conftest
configure:7965: $? = 0
configure:7976: result: yes
configure:7989: checking for sys/types.h
configure:7989: gcc -c -g -O2  conftest.c >&5
configure:7989: $? = 0
configure:7989: result: yes
configure:7989: checking for sys/stat.h
configure:7989: gcc -c -g -O2  conftest.c >&5
configure:7989: $? = 0
configure:7989: result: yes
configure:7989: checking for stdlib.h
configure:7989: gcc -c -g -O2  conftest.c >&5
configure:7989: $? = 0
configure:7989: result: yes
configure:7989: checking for string.h
configure:7989: gcc -c -g -O2  conftest.c >&5
configure:7989: $? = 0
configure:7989: result: yes
configure:7989: checking for memory.h
configure:7989: gcc -c -g -O2  conftest.c >&5
configure:7989: $? = 0
configure:7989: result: yes
configure:7989: checking for strings.h
configure:7989: gcc -c -g -O2  conftest.c >&5
configure:7989: $? = 0
configure:7989: result: yes
configure:7989: checking for inttypes.h
configure:7989: gcc -c -g -O2  conftest.c >&5
configure:7989: $? = 0
configure:7989: result: yes
configure:7989: checking for stdint.h
configure:7989: gcc -c -g -O2  conftest.c >&5
configure:7989: $? = 0
configure:7989: result: yes
configure:7989: checking for unistd.h
configure:7989: gcc -c -g -O2  conftest.c >&5
configure:7989: $? = 0
configure:7989: result: yes
configure:8003: checking for dlfcn.h
configure:8003: gcc -c -g -O2  conftest.c >&5
configure:8003: $? = 0
configure:8003: result: yes
configure:8259: checking for objdir
configure:8274: result: .libs
configure:8538: checking if gcc supports -fno-rtti -fno-exceptions
configure:8556: gcc -c -g -O2  -fno-rtti -fno-exceptions conftest.c >&5
cc1: warning: command line option '-fno-rtti' is valid for C++/D/ObjC++ but not for C
configure:8560: $? = 0
configure:8573: result: no
configure:8937: checking for gcc option to produce PIC
configure:8944: result: -fPIC -DPIC
configure:8952: checking if gcc PIC flag -fPIC -DPIC works
configure:8970: gcc -c -g -O2  -fPIC -DPIC -DPIC conftest.c >&5
configure:8974: $? = 0
configure:8987: result: yes
configure:9016: checking if gcc static flag -static works
configure:9044: result: yes
configure:9059: checking if gcc supports -c -o file.o
configure:9080: gcc -c -g -O2  -o out/conftest2.o conftest.c >&5
configure:9084: $? = 0
configure:9106: result: yes
configure:9114: checking if gcc supports -c -o file.o
configure:9161: result: yes
configure:9194: checking whether the gcc linker (/usr/bin/ld -m elf_x86_64) supports shared libraries
configure:10457: result: yes
configure:10494: checking whether -lc should be explicitly linked in
configure:10502: gcc -c -g -O2  conftest.c >&5
configure:10505: $? = 0
configure:10520: gcc -shared  -fPIC -DPIC conftest.o  -v -Wl,-soname -Wl,conftest -o conftest 2\>\&1 \| /usr/bin/grep  -lc  \>/dev/null 2\>\&1
configure:10523: $? = 0
configure:10537: result: no
configure:10697: checking dynamic linker characteristics
configure:11278: gcc -o conftest -g -O2   -Wl,-rpath -Wl,/foo conftest.c  >&5
configure:11278: $? = 0
configure:11527: result: GNU/Linux ld.so
configure:11649: checking how to hardcode library paths into programs
configure:11674: result: immediate
configure:12222: checking whether stripping libraries is possible
configure:12227: result: yes
configure:12262: checking if libtool supports shared libraries
configure:12264: result: yes
configure:12267: checking whether to build shared libraries
configure:12292: result: yes
configure:12295: checking whether to build static libraries
configure:12299: result: yes
configure:9137: checking for ld used by gcc
configure:9204: result: /usr/bin/ld -m elf_x86_64
configure:9211: checking if the linker (/usr/bin/ld -m elf_x86_64) is GNU ld
configure:9226: result: yes
configure:9233: checking for shared library run path origin
configure:9246: result: done
configure:9319: checking for pkg-config
configure:9337: found /usr/bin/pkg-config
configure:9349: result: /usr/bin/pkg-config
configure:9374: checking pkg-config is at least version 0.9.0
configure:9377: result: yes
configure:9451: checking for g++
configure:9467: found /usr/bin/g++
configure:9478: result: g++
configure:9505: checking for C++ compiler version
configure:9514: g++ --version >&5
g++ (Ubuntu 9.3.0-17ubuntu1~20.04) 9.3.0
Copyright (C) 2019 Free Software Foundation, Inc.
This is free software; see the source for copying conditions.  There is NO
warranty; not even for MERCHANTABILITY or FITNESS FOR A PARTICULAR PURPOSE.

configure:9525: $? = 0
configure:9514: g++ -v >&5
Using built-in specs.
COLLECT_GCC=g++
COLLECT_LTO_WRAPPER=/usr/lib/gcc/x86_64-linux-gnu/9/lto-wrapper
OFFLOAD_TARGET_NAMES=nvptx-none:hsa
OFFLOAD_TARGET_DEFAULT=1
Target: x86_64-linux-gnu
Configured with: ../src/configure -v --with-pkgversion='Ubuntu 9.3.0-17ubuntu1~20.04' --with-bugurl=file:///usr/share/doc/gcc-9/README.Bugs --enable-languages=c,ada,c++,go,brig,d,fortran,objc,obj-c++,gm2 --prefix=/usr --with-gcc-major-version-only --program-suffix=-9 --program-prefix=x86_64-linux-gnu- --enable-shared --enable-linker-build-id --libexecdir=/usr/lib --without-included-gettext --enable-threads=posix --libdir=/usr/lib --enable-nls --enable-clocale=gnu --enable-libstdcxx-debug --enable-libstdcxx-time=yes --with-default-libstdcxx-abi=new --enable-gnu-unique-object --disable-vtable-verify --enable-plugin --enable-default-pie --with-system-zlib --with-target-system-zlib=auto --enable-objc-gc=auto --enable-multiarch --disable-werror --with-arch-32=i686 --with-abi=m64 --with-multilib-list=m32,m64,mx32 --enable-multilib --with-tune=generic --enable-offload-targets=nvptx-none=/build/gcc-9-HskZEa/gcc-9-9.3.0/debian/tmp-nvptx/usr,hsa --without-cuda-driver --enable-checking=release --build=x86_64-linux-gnu --host=x86_64-linux-gnu --target=x86_64-linux-gnu
Thread model: posix
gcc version 9.3.0 (Ubuntu 9.3.0-17ubuntu1~20.04) 
configure:9525: $? = 0
configure:9514: g++ -V >&5
g++: error: unrecognized command line option '-V'
g++: fatal error: no input files
compilation terminated.
configure:9525: $? = 1
configure:9514: g++ -qversion >&5
g++: error: unrecognized command line option '-qversion'; did you mean '--version'?
g++: fatal error: no input files
compilation terminated.
configure:9525: $? = 1
configure:9529: checking whether we are using the GNU C++ compiler
configure:9548: g++ -c   conftest.cpp >&5
configure:9548: $? = 0
configure:9557: result: yes
configure:9566: checking whether g++ accepts -g
configure:9586: g++ -c -g  conftest.cpp >&5
configure:9586: $? = 0
configure:9627: result: yes
configure:9652: checking dependency style of g++
configure:9763: result: gcc3
configure:9796: checking how to run the C++ preprocessor
configure:9823: g++ -E  conftest.cpp
configure:9823: $? = 0
configure:9837: g++ -E  conftest.cpp
conftest.cpp:23:10: fatal error: ac_nonexistent.h: No such file or directory
   23 | #include <ac_nonexistent.h>
      |          ^~~~~~~~~~~~~~~~~~
compilation terminated.
configure:9837: $? = 1
configure: failed program was:
| /* confdefs.h */
| #define PACKAGE_NAME "jellyfish"
| #define PACKAGE_TARNAME "jellyfish"
| #define PACKAGE_VERSION "2.3.0"
| #define PACKAGE_STRING "jellyfish 2.3.0"
| #define PACKAGE_BUGREPORT "gmarcais@umd.edu"
| #define PACKAGE_URL ""
| #define PACKAGE "jellyfish"
| #define VERSION "2.3.0"
| #define STDC_HEADERS 1
| #define HAVE_SYS_TYPES_H 1
| #define HAVE_SYS_STAT_H 1
| #define HAVE_STDLIB_H 1
| #define HAVE_STRING_H 1
| #define HAVE_MEMORY_H 1
| #define HAVE_STRINGS_H 1
| #define HAVE_INTTYPES_H 1
| #define HAVE_STDINT_H 1
| #define HAVE_UNISTD_H 1
| #define HAVE_DLFCN_H 1
| #define LT_OBJDIR ".libs/"
| /* end confdefs.h.  */
| #include <ac_nonexistent.h>
configure:9862: result: g++ -E
configure:9882: g++ -E  conftest.cpp
configure:9882: $? = 0
configure:9896: g++ -E  conftest.cpp
conftest.cpp:23:10: fatal error: ac_nonexistent.h: No such file or directory
   23 | #include <ac_nonexistent.h>
      |          ^~~~~~~~~~~~~~~~~~
compilation terminated.
configure:9896: $? = 1
configure: failed program was:
| /* confdefs.h */
| #define PACKAGE_NAME "jellyfish"
| #define PACKAGE_TARNAME "jellyfish"
| #define PACKAGE_VERSION "2.3.0"
| #define PACKAGE_STRING "jellyfish 2.3.0"
| #define PACKAGE_BUGREPORT "gmarcais@umd.edu"
| #define PACKAGE_URL ""
| #define PACKAGE "jellyfish"
| #define VERSION "2.3.0"
| #define STDC_HEADERS 1
| #define HAVE_SYS_TYPES_H 1
| #define HAVE_SYS_STAT_H 1
| #define HAVE_STDLIB_H 1
| #define HAVE_STRING_H 1
| #define HAVE_MEMORY_H 1
| #define HAVE_STRINGS_H 1
| #define HAVE_INTTYPES_H 1
| #define HAVE_STDINT_H 1
| #define HAVE_UNISTD_H 1
| #define HAVE_DLFCN_H 1
| #define LT_OBJDIR ".libs/"
| /* end confdefs.h.  */
| #include <ac_nonexistent.h>
configure:10058: checking for ld used by g++
configure:10125: result: /usr/bin/ld -m elf_x86_64
configure:10132: checking if the linker (/usr/bin/ld -m elf_x86_64) is GNU ld
configure:10147: result: yes
configure:10202: checking whether the g++ linker (/usr/bin/ld -m elf_x86_64) supports shared libraries
configure:11275: result: yes
configure:11311: g++ -c -g -O2  conftest.cpp >&5
configure:11314: $? = 0
configure:11795: checking for g++ option to produce PIC
configure:11802: result: -fPIC -DPIC
configure:11810: checking if g++ PIC flag -fPIC -DPIC works
configure:11828: g++ -c -g -O2  -fPIC -DPIC -DPIC conftest.cpp >&5
configure:11832: $? = 0
configure:11845: result: yes
configure:11868: checking if g++ static flag -static works
configure:11896: result: yes
configure:11908: checking if g++ supports -c -o file.o
configure:11929: g++ -c -g -O2  -o out/conftest2.o conftest.cpp >&5
configure:11933: $? = 0
configure:11955: result: yes
configure:11960: checking if g++ supports -c -o file.o
configure:12007: result: yes
configure:12037: checking whether the g++ linker (/usr/bin/ld -m elf_x86_64) supports shared libraries
configure:12080: result: yes
configure:12221: checking dynamic linker characteristics
configure:12978: result: GNU/Linux ld.so
configure:13043: checking how to hardcode library paths into programs
configure:13068: result: immediate
configure:12025: checking for HTSLIB
configure:12032: $PKG_CONFIG --exists --print-errors "htslib"
Package htslib was not found in the pkg-config search path.
Perhaps you should add the directory containing `htslib.pc'
to the PKG_CONFIG_PATH environment variable
No package 'htslib' found
configure:12035: $? = 1
configure:12049: $PKG_CONFIG --exists --print-errors "htslib"
Package htslib was not found in the pkg-config search path.
Perhaps you should add the directory containing `htslib.pc'
to the PKG_CONFIG_PATH environment variable
No package 'htslib' found
configure:12052: $? = 1
configure:12066: result: no
No package 'htslib' found
configure:12162: checking for samtools
configure:12180: found /usr/bin/samtools
configure:12192: result: /usr/bin/samtools
configure:12206: checking for unix2dos
configure:12239: result: no
configure:12251: checking for md5sum
configure:12267: found /usr/bin/md5sum
configure:12278: result: md5sum
configure:12335: checking for yaggo
configure:12353: found /usr/bin/yaggo
configure:12366: result: /usr/bin/yaggo
configure:12396: checking for x86 cpuid  output
configure:12428: gcc -o conftest -g -O2   conftest.c  >&5
conftest.c: In function 'main':
conftest.c:28:15: error: expected expression before ',' token
   28 |      int op = , level = 0, eax, ebx, ecx, edx;
      |               ^
configure:12428: $? = 1
configure: program exited with status 1
configure: failed program was:
| /* confdefs.h */
| #define PACKAGE_NAME "jellyfish"
| #define PACKAGE_TARNAME "jellyfish"
| #define PACKAGE_VERSION "2.3.0"
| #define PACKAGE_STRING "jellyfish 2.3.0"
| #define PACKAGE_BUGREPORT "gmarcais@umd.edu"
| #define PACKAGE_URL ""
| #define PACKAGE "jellyfish"
| #define VERSION "2.3.0"
| #define STDC_HEADERS 1
| #define HAVE_SYS_TYPES_H 1
| #define HAVE_SYS_STAT_H 1
| #define HAVE_STDLIB_H 1
| #define HAVE_STRING_H 1
| #define HAVE_MEMORY_H 1
| #define HAVE_STRINGS_H 1
| #define HAVE_INTTYPES_H 1
| #define HAVE_STDINT_H 1
| #define HAVE_UNISTD_H 1
| #define HAVE_DLFCN_H 1
| #define LT_OBJDIR ".libs/"
| /* end confdefs.h.  */
| #include <stdio.h>
| int
| main ()
| {
| 
|      int op = , level = 0, eax, ebx, ecx, edx;
|      FILE *f;
|       __asm__ __volatile__ ("xchg %%ebx, %1\n"
|         "cpuid\n"
|         "xchg %%ebx, %1\n"
|         : "=a" (eax), "=r" (ebx), "=c" (ecx), "=d" (edx)
|         : "a" (op), "2" (level));
| 
|      f = fopen("conftest_cpuid", "w"); if (!f) return 1;
|      fprintf(f, "%x:%x:%x:%x\n", eax, ebx, ecx, edx);
|      fclose(f);
|      return 0;
| 
|   ;
|   return 0;
| }
configure:12438: result: unknown
configure:12455: checking for x86-AVX xgetbv  output
configure:12485: gcc -o conftest -g -O2   conftest.c  >&5
conftest.c: In function 'main':
conftest.c:28:15: error: expected expression before ',' token
   28 |      int op = , eax, edx;
      |               ^
configure:12485: $? = 1
configure: program exited with status 1
configure: failed program was:
| /* confdefs.h */
| #define PACKAGE_NAME "jellyfish"
| #define PACKAGE_TARNAME "jellyfish"
| #define PACKAGE_VERSION "2.3.0"
| #define PACKAGE_STRING "jellyfish 2.3.0"
| #define PACKAGE_BUGREPORT "gmarcais@umd.edu"
| #define PACKAGE_URL ""
| #define PACKAGE "jellyfish"
| #define VERSION "2.3.0"
| #define STDC_HEADERS 1
| #define HAVE_SYS_TYPES_H 1
| #define HAVE_SYS_STAT_H 1
| #define HAVE_STDLIB_H 1
| #define HAVE_STRING_H 1
| #define HAVE_MEMORY_H 1
| #define HAVE_STRINGS_H 1
| #define HAVE_INTTYPES_H 1
| #define HAVE_STDINT_H 1
| #define HAVE_UNISTD_H 1
| #define HAVE_DLFCN_H 1
| #define LT_OBJDIR ".libs/"
| /* end confdefs.h.  */
| #include <stdio.h>
| int
| main ()
| {
| 
|      int op = , eax, edx;
|      FILE *f;
|       /* Opcodes for xgetbv */
|       __asm__ __volatile__ (".byte 0x0f, 0x01, 0xd0"
|         : "=a" (eax), "=d" (edx)
|         : "c" (op));
|      f = fopen("conftest_xgetbv", "w"); if (!f) return 1;
|      fprintf(f, "%x:%x\n", eax, edx);
|      fclose(f);
|      return 0;
| 
|   ;
|   return 0;
| }
configure:12495: result: unknown
configure:12696: checking for x86 cpuid 0x00000000 output
configure:12728: gcc -o conftest -g -O2   conftest.c  >&5
configure:12728: $? = 0
configure:12728: ./conftest
configure:12728: $? = 0
configure:12738: result: 16:756e6547:6c65746e:49656e69
configure:12761: checking for x86 cpuid 0x80000000 output
configure:12793: gcc -o conftest -g -O2   conftest.c  >&5
configure:12793: $? = 0
configure:12793: ./conftest
configure:12793: $? = 0
configure:12803: result: 80000008:0:0:0
configure:12828: checking for x86 cpuid 0x00000001 output
configure:12860: gcc -o conftest -g -O2   conftest.c  >&5
configure:12860: $? = 0
configure:12860: ./conftest
configure:12860: $? = 0
configure:12870: result: 906ea:6100800:7ffafbbf:bfebfbff
configure:12897: checking for x86 cpuid 0x00000007 output
configure:12929: gcc -o conftest -g -O2   conftest.c  >&5
configure:12929: $? = 0
configure:12929: ./conftest
configure:12929: $? = 0
configure:12939: result: 0:29c67af:40000000:9c002e00
configure:12965: checking for x86 cpuid 0x80000001 output
configure:12997: gcc -o conftest -g -O2   conftest.c  >&5
configure:12997: $? = 0
configure:12997: ./conftest
configure:12997: $? = 0
configure:13007: result: 0:0:121:2c100800
configure:13066: gcc -o conftest -g -O2   conftest.c  >&5
configure:13066: $? = 0
configure:13066: ./conftest
configure:13066: $? = 0
configure:13095: checking for x86-AVX xgetbv 0x00000000 output
configure:13125: gcc -o conftest -g -O2   conftest.c  >&5
configure:13125: $? = 0
configure:13125: ./conftest
configure:13125: $? = 0
configure:13135: result: 1f:0
configure:13189: checking whether RDRND is supported by the processor
configure:13202: result: yes
configure:13206: checking whether RDRND is supported by the processor and OS
configure:13219: result: yes
configure:13224: checking whether C++ compiler accepts -mrdrnd
configure:13243: g++ -c -std=c++11 -g -O2  -mrdrnd  conftest.cpp >&5
configure:13243: $? = 0
configure:13252: result: yes
configure:13189: checking whether BMI1 is supported by the processor
configure:13202: result: yes
configure:13206: checking whether BMI1 is supported by the processor and OS
configure:13219: result: yes
configure:13224: checking whether C++ compiler accepts -mbmi
configure:13243: g++ -c -std=c++11 -g -O2  -mbmi  conftest.cpp >&5
configure:13243: $? = 0
configure:13252: result: yes
configure:13189: checking whether BMI2 is supported by the processor
configure:13202: result: yes
configure:13206: checking whether BMI2 is supported by the processor and OS
configure:13219: result: yes
configure:13224: checking whether C++ compiler accepts -mbmi2
configure:13243: g++ -c -std=c++11 -g -O2  -mbmi2  conftest.cpp >&5
configure:13243: $? = 0
configure:13252: result: yes
configure:13189: checking whether ADX is supported by the processor
configure:13202: result: yes
configure:13206: checking whether ADX is supported by the processor and OS
configure:13219: result: yes
configure:13224: checking whether C++ compiler accepts -madx
configure:13243: g++ -c -std=c++11 -g -O2  -madx  conftest.cpp >&5
configure:13243: $? = 0
configure:13252: result: yes
configure:13189: checking whether MPX is supported by the processor
configure:13202: result: yes
configure:13206: checking whether MPX is supported by the processor and OS
configure:13219: result: yes
configure:13224: checking whether C++ compiler accepts -mmpx
configure:13243: g++ -c -std=c++11 -g -O2  -mmpx  conftest.cpp >&5
g++: warning: switch '-mmpx' is no longer supported
configure:13243: $? = 0
configure:13252: result: yes
configure:13189: checking whether PREFETCHWT1 is supported by the processor
configure:13202: result: no
configure:13189: checking whether ABM is supported by the processor
configure:13202: result: yes
configure:13206: checking whether ABM is supported by the processor and OS
configure:13219: result: yes
configure:13224: checking whether C++ compiler accepts -mabm
configure:13243: g++ -c -std=c++11 -g -O2  -mabm  conftest.cpp >&5
configure:13243: $? = 0
configure:13252: result: yes
configure:13189: checking whether MMX is supported by the processor
configure:13202: result: yes
configure:13206: checking whether MMX is supported by the processor and OS
configure:13219: result: yes
configure:13224: checking whether C++ compiler accepts -mmmx
configure:13243: g++ -c -std=c++11 -g -O2  -mmmx  conftest.cpp >&5
configure:13243: $? = 0
configure:13252: result: yes
configure:13189: checking whether SSE is supported by the processor
configure:13202: result: yes
configure:13206: checking whether SSE is supported by the processor and OS
configure:13219: result: yes
configure:13224: checking whether C++ compiler accepts -msse
configure:13243: g++ -c -std=c++11 -g -O2  -msse  conftest.cpp >&5
configure:13243: $? = 0
configure:13252: result: yes
configure:13189: checking whether SSE2 is supported by the processor
configure:13202: result: yes
configure:13206: checking whether SSE2 is supported by the processor and OS
configure:13219: result: yes
configure:13224: checking whether C++ compiler accepts -msse2
configure:13243: g++ -c -std=c++11 -g -O2  -msse2  conftest.cpp >&5
configure:13243: $? = 0
configure:13252: result: yes
configure:13189: checking whether SSE3 is supported by the processor
configure:13202: result: yes
configure:13206: checking whether SSE3 is supported by the processor and OS
configure:13219: result: yes
configure:13224: checking whether C++ compiler accepts -msse3
configure:13243: g++ -c -std=c++11 -g -O2  -msse3  conftest.cpp >&5
configure:13243: $? = 0
configure:13252: result: yes
configure:13189: checking whether SSSE3 is supported by the processor
configure:13202: result: yes
configure:13206: checking whether SSSE3 is supported by the processor and OS
configure:13219: result: yes
configure:13224: checking whether C++ compiler accepts -mssse3
configure:13243: g++ -c -std=c++11 -g -O2  -mssse3  conftest.cpp >&5
configure:13243: $? = 0
configure:13252: result: yes
configure:13189: checking whether SSE4.1 is supported by the processor
configure:13202: result: yes
configure:13206: checking whether SSE4.1 is supported by the processor and OS
configure:13219: result: yes
configure:13224: checking whether C++ compiler accepts -msse4.1
configure:13243: g++ -c -std=c++11 -g -O2  -msse4.1  conftest.cpp >&5
configure:13243: $? = 0
configure:13252: result: yes
configure:13189: checking whether SSE4.2 is supported by the processor
configure:13202: result: yes
configure:13206: checking whether SSE4.2 is supported by the processor and OS
configure:13219: result: yes
configure:13224: checking whether C++ compiler accepts -msse4.2
configure:13243: g++ -c -std=c++11 -g -O2  -msse4.2  conftest.cpp >&5
configure:13243: $? = 0
configure:13252: result: yes
configure:13189: checking whether SSE4a is supported by the processor
configure:13202: result: no
configure:13189: checking whether SHA is supported by the processor
configure:13202: result: no
configure:13189: checking whether AES is supported by the processor
configure:13202: result: yes
configure:13206: checking whether AES is supported by the processor and OS
configure:13219: result: yes
configure:13224: checking whether C++ compiler accepts -maes
configure:13243: g++ -c -std=c++11 -g -O2  -maes  conftest.cpp >&5
configure:13243: $? = 0
configure:13252: result: yes
configure:13189: checking whether AVX is supported by the processor
configure:13202: result: yes
configure:13206: checking whether AVX is supported by the processor and OS
configure:13219: result: yes
configure:13224: checking whether C++ compiler accepts -mavx
configure:13243: g++ -c -std=c++11 -g -O2  -mavx  conftest.cpp >&5
configure:13243: $? = 0
configure:13252: result: yes
configure:13189: checking whether FMA3 is supported by the processor
configure:13202: result: yes
configure:13206: checking whether FMA3 is supported by the processor and OS
configure:13219: result: yes
configure:13224: checking whether C++ compiler accepts -mfma
configure:13243: g++ -c -std=c++11 -g -O2  -mfma  conftest.cpp >&5
configure:13243: $? = 0
configure:13252: result: yes
configure:13189: checking whether FMA4 is supported by the processor
configure:13202: result: no
configure:13189: checking whether XOP is supported by the processor
configure:13202: result: no
configure:13189: checking whether AVX2 is supported by the processor
configure:13202: result: yes
configure:13206: checking whether AVX2 is supported by the processor and OS
configure:13219: result: yes
configure:13224: checking whether C++ compiler accepts -mavx2
configure:13243: g++ -c -std=c++11 -g -O2  -mavx2  conftest.cpp >&5
configure:13243: $? = 0
configure:13252: result: yes
configure:13189: checking whether AVX512-F is supported by the processor
configure:13202: result: no
configure:13189: checking whether AVX512-CD is supported by the processor
configure:13202: result: no
configure:13189: checking whether AVX512-PF is supported by the processor
configure:13202: result: no
configure:13189: checking whether AVX512-ER is supported by the processor
configure:13202: result: no
configure:13189: checking whether AVX512-VL is supported by the processor
configure:13202: result: no
configure:13189: checking whether AVX512-BW is supported by the processor
configure:13202: result: no
configure:13189: checking whether AVX512-DQ is supported by the processor
configure:13202: result: no
configure:13189: checking whether AVX512-IFMA is supported by the processor
configure:13202: result: no
configure:13189: checking whether AVX512-VBMI is supported by the processor
configure:13202: result: no
configure:13450: checking for __int128
configure:13450: g++ -c -std=c++11 -g -O2  conftest.cpp >&5
configure:13450: $? = 0
configure:13450: g++ -c -std=c++11 -g -O2  conftest.cpp >&5
conftest.cpp: In function 'int main()':
conftest.cpp:76:14: error: expected primary-expression before '__int128'
   76 | if (sizeof ((__int128)))
      |              ^~~~~~~~
conftest.cpp:76:14: error: expected ')' before '__int128'
   76 | if (sizeof ((__int128)))
      |             ~^~~~~~~~
      |              )
conftest.cpp:77:14: error: expected ')' before ';' token
   77 |      return 0;
      |              ^
      |              )
conftest.cpp:76:12: note: to match this '('
   76 | if (sizeof ((__int128)))
      |            ^
conftest.cpp:77:14: error: expected ')' before ';' token
   77 |      return 0;
      |              ^
      |              )
conftest.cpp:76:4: note: to match this '('
   76 | if (sizeof ((__int128)))
      |    ^
configure:13450: $? = 1
configure: failed program was:
| /* confdefs.h */
| #define PACKAGE_NAME "jellyfish"
| #define PACKAGE_TARNAME "jellyfish"
| #define PACKAGE_VERSION "2.3.0"
| #define PACKAGE_STRING "jellyfish 2.3.0"
| #define PACKAGE_BUGREPORT "gmarcais@umd.edu"
| #define PACKAGE_URL ""
| #define PACKAGE "jellyfish"
| #define VERSION "2.3.0"
| #define STDC_HEADERS 1
| #define HAVE_SYS_TYPES_H 1
| #define HAVE_SYS_STAT_H 1
| #define HAVE_STDLIB_H 1
| #define HAVE_STRING_H 1
| #define HAVE_MEMORY_H 1
| #define HAVE_STRINGS_H 1
| #define HAVE_INTTYPES_H 1
| #define HAVE_STDINT_H 1
| #define HAVE_UNISTD_H 1
| #define HAVE_DLFCN_H 1
| #define LT_OBJDIR ".libs/"
| #define HAVE_RDRND 1
| #define HAVE_BMI1 1
| #define HAVE_BMI2 1
| #define HAVE_ADX 1
| #define HAVE_MPX 1
| #define HAVE_ABM 1
| #define HAVE_MMX 1
| #define HAVE_SSE 1
| #define HAVE_SSE2 1
| #define HAVE_SSE3 1
| #define HAVE_SSSE3 1
| #define HAVE_SSE4_1 1
| #define HAVE_SSE4_2 1
| #define HAVE_AES 1
| #define HAVE_AVX 1
| #define HAVE_FMA3 1
| #define HAVE_AVX2 1
| /* end confdefs.h.  */
| #include <stdio.h>
| #ifdef HAVE_SYS_TYPES_H
| # include <sys/types.h>
| #endif
| #ifdef HAVE_SYS_STAT_H
| # include <sys/stat.h>
| #endif
| #ifdef STDC_HEADERS
| # include <stdlib.h>
| # include <stddef.h>
| #else
| # ifdef HAVE_STDLIB_H
| #  include <stdlib.h>
| # endif
| #endif
| #ifdef HAVE_STRING_H
| # if !defined STDC_HEADERS && defined HAVE_MEMORY_H
| #  include <memory.h>
| # endif
| # include <string.h>
| #endif
| #ifdef HAVE_STRINGS_H
| # include <strings.h>
| #endif
| #ifdef HAVE_INTTYPES_H
| # include <inttypes.h>
| #endif
| #ifdef HAVE_STDINT_H
| # include <stdint.h>
| #endif
| #ifdef HAVE_UNISTD_H
| # include <unistd.h>
| #endif
| int
| main ()
| {
| if (sizeof ((__int128)))
| 	    return 0;
|   ;
|   return 0;
| }
configure:13450: result: yes
configure:13457: checking for std::numeric_limits<__int128>
configure:13471: g++ -c -std=c++11 -g -O2  conftest.cpp >&5
conftest.cpp: In function 'int main()':
conftest.cpp:46:62: error: incomplete type 'StaticAssert<false>' used in nested name specifier
   46 | StaticAssert<std::numeric_limits<__int128>::is_specialized>::assert();
      |                                                              ^~~~~~
configure:13471: $? = 1
configure: failed program was:
| /* confdefs.h */
| #define PACKAGE_NAME "jellyfish"
| #define PACKAGE_TARNAME "jellyfish"
| #define PACKAGE_VERSION "2.3.0"
| #define PACKAGE_STRING "jellyfish 2.3.0"
| #define PACKAGE_BUGREPORT "gmarcais@umd.edu"
| #define PACKAGE_URL ""
| #define PACKAGE "jellyfish"
| #define VERSION "2.3.0"
| #define STDC_HEADERS 1
| #define HAVE_SYS_TYPES_H 1
| #define HAVE_SYS_STAT_H 1
| #define HAVE_STDLIB_H 1
| #define HAVE_STRING_H 1
| #define HAVE_MEMORY_H 1
| #define HAVE_STRINGS_H 1
| #define HAVE_INTTYPES_H 1
| #define HAVE_STDINT_H 1
| #define HAVE_UNISTD_H 1
| #define HAVE_DLFCN_H 1
| #define LT_OBJDIR ".libs/"
| #define HAVE_RDRND 1
| #define HAVE_BMI1 1
| #define HAVE_BMI2 1
| #define HAVE_ADX 1
| #define HAVE_MPX 1
| #define HAVE_ABM 1
| #define HAVE_MMX 1
| #define HAVE_SSE 1
| #define HAVE_SSE2 1
| #define HAVE_SSE3 1
| #define HAVE_SSSE3 1
| #define HAVE_SSE4_1 1
| #define HAVE_SSE4_2 1
| #define HAVE_AES 1
| #define HAVE_AVX 1
| #define HAVE_FMA3 1
| #define HAVE_AVX2 1
| #define HAVE_INT128 1
| /* end confdefs.h.  */
| #include <limits>
|                                             template<bool> struct StaticAssert; template<> struct StaticAssert<true> { static void assert() { } };
| int
| main ()
| {
| StaticAssert<std::numeric_limits<__int128>::is_specialized>::assert();
|   ;
|   return 0;
| }
configure:13478: result: no
configure:13485: checking for _NSGetExecutablePath
configure:13498: g++ -o conftest -std=c++11 -g -O2   conftest.cpp  >&5
conftest.cpp:41:10: fatal error: mach-o/dyld.h: No such file or directory
   41 | #include <mach-o/dyld.h>
      |          ^~~~~~~~~~~~~~~
compilation terminated.
configure:13498: $? = 1
configure: failed program was:
| /* confdefs.h */
| #define PACKAGE_NAME "jellyfish"
| #define PACKAGE_TARNAME "jellyfish"
| #define PACKAGE_VERSION "2.3.0"
| #define PACKAGE_STRING "jellyfish 2.3.0"
| #define PACKAGE_BUGREPORT "gmarcais@umd.edu"
| #define PACKAGE_URL ""
| #define PACKAGE "jellyfish"
| #define VERSION "2.3.0"
| #define STDC_HEADERS 1
| #define HAVE_SYS_TYPES_H 1
| #define HAVE_SYS_STAT_H 1
| #define HAVE_STDLIB_H 1
| #define HAVE_STRING_H 1
| #define HAVE_MEMORY_H 1
| #define HAVE_STRINGS_H 1
| #define HAVE_INTTYPES_H 1
| #define HAVE_STDINT_H 1
| #define HAVE_UNISTD_H 1
| #define HAVE_DLFCN_H 1
| #define LT_OBJDIR ".libs/"
| #define HAVE_RDRND 1
| #define HAVE_BMI1 1
| #define HAVE_BMI2 1
| #define HAVE_ADX 1
| #define HAVE_MPX 1
| #define HAVE_ABM 1
| #define HAVE_MMX 1
| #define HAVE_SSE 1
| #define HAVE_SSE2 1
| #define HAVE_SSE3 1
| #define HAVE_SSSE3 1
| #define HAVE_SSE4_1 1
| #define HAVE_SSE4_2 1
| #define HAVE_AES 1
| #define HAVE_AVX 1
| #define HAVE_FMA3 1
| #define HAVE_AVX2 1
| #define HAVE_INT128 1
| /* end confdefs.h.  */
| #include <mach-o/dyld.h>
| int
| main ()
| {
| _NSGetExecutablePath(0, 0);
|   ;
|   return 0;
| }
configure:13505: result: no
configure:13517: checking for execinfo.h
configure:13517: g++ -c -std=c++11 -g -O2  conftest.cpp >&5
configure:13517: $? = 0
configure:13517: result: yes
configure:13517: checking for ext/stdio_filebuf.h
configure:13517: g++ -c -std=c++11 -g -O2  conftest.cpp >&5
configure:13517: $? = 0
configure:13517: result: yes
configure:13517: checking for sys/syscall.h
configure:13517: g++ -c -std=c++11 -g -O2  conftest.cpp >&5
configure:13517: $? = 0
configure:13517: result: yes
configure:13535: checking for siginfo_t.si_int
configure:13535: g++ -c -std=c++11 -g -O2  conftest.cpp >&5
configure:13535: $? = 0
configure:13535: result: yes
configure:14404: checking for posix_memalign
configure:14404: g++ -o conftest -std=c++11 -g -O2   conftest.cpp  >&5
configure:14404: $? = 0
configure:14404: result: yes
configure:14404: checking for aligned_alloc
configure:14404: g++ -o conftest -std=c++11 -g -O2   conftest.cpp  >&5
configure:14404: $? = 0
configure:14404: result: yes
configure:14515: checking that generated files are newer than configure
configure:14521: result: done
configure:14568: creating ./config.status

## ---------------------- ##
## Running config.status. ##
## ---------------------- ##

This file was extended by jellyfish config.status 2.3.0, which was
generated by GNU Autoconf 2.69.  Invocation command line was

  CONFIG_FILES    = 
  CONFIG_HEADERS  = 
  CONFIG_LINKS    = 
  CONFIG_COMMANDS = 
  $ ./config.status 

on kushagra

config.status:1216: creating Makefile
config.status:1216: creating compat.sh
config.status:1216: creating jellyfish-2.0.pc
config.status:1216: creating config.h
config.status:1397: config.h is unchanged
config.status:1445: executing depfiles commands
config.status:1522: cd .       && sed -e '/# am--include-marker/d' Makefile         | make -f - am--depfiles
make: Nothing to be done for 'am--depfiles'.
config.status:1527: $? = 0
config.status:1445: executing libtool commands

## ---------------- ##
## Cache variables. ##
## ---------------- ##

ac_cv_build=x86_64-pc-linux-gnu
ac_cv_c_compiler_gnu=yes
ac_cv_cxx_compiler_gnu=yes
ac_cv_env_CCC_set=
ac_cv_env_CCC_value=
ac_cv_env_CC_set=
ac_cv_env_CC_value=
ac_cv_env_CFLAGS_set=
ac_cv_env_CFLAGS_value=
ac_cv_env_CPPFLAGS_set=
ac_cv_env_CPPFLAGS_value=
ac_cv_env_CPP_set=
ac_cv_env_CPP_value=
ac_cv_env_CXXCPP_set=
ac_cv_env_CXXCPP_value=
ac_cv_env_CXXFLAGS_set=
ac_cv_env_CXXFLAGS_value=
ac_cv_env_CXX_set=
ac_cv_env_CXX_value=
ac_cv_env_HTSLIB_CFLAGS_set=
ac_cv_env_HTSLIB_CFLAGS_value=
ac_cv_env_HTSLIB_LIBS_set=
ac_cv_env_HTSLIB_LIBS_value=
ac_cv_env_LDFLAGS_set=
ac_cv_env_LDFLAGS_value=
ac_cv_env_LIBS_set=
ac_cv_env_LIBS_value=
ac_cv_env_LT_SYS_LIBRARY_PATH_set=
ac_cv_env_LT_SYS_LIBRARY_PATH_value=
ac_cv_env_MD5_set=
ac_cv_env_MD5_value=
ac_cv_env_PERL_EXT_CPPFLAGS_set=
ac_cv_env_PERL_EXT_CPPFLAGS_value=
ac_cv_env_PERL_EXT_INC_set=
ac_cv_env_PERL_EXT_INC_value=
ac_cv_env_PERL_EXT_LDFLAGS_set=
ac_cv_env_PERL_EXT_LDFLAGS_value=
ac_cv_env_PERL_EXT_LIB_set=
ac_cv_env_PERL_EXT_LIB_value=
ac_cv_env_PERL_EXT_PREFIX_set=
ac_cv_env_PERL_EXT_PREFIX_value=
ac_cv_env_PKG_CONFIG_LIBDIR_set=
ac_cv_env_PKG_CONFIG_LIBDIR_value=
ac_cv_env_PKG_CONFIG_PATH_set=
ac_cv_env_PKG_CONFIG_PATH_value=
ac_cv_env_PKG_CONFIG_set=
ac_cv_env_PKG_CONFIG_value=
ac_cv_env_PYTHON_VERSION_set=
ac_cv_env_PYTHON_VERSION_value=
ac_cv_env_RUBY_set=
ac_cv_env_RUBY_value=
ac_cv_env_SAMTOOLS_set=
ac_cv_env_SAMTOOLS_value=
ac_cv_env_UNIX2DOS_set=
ac_cv_env_UNIX2DOS_value=
ac_cv_env_VALGRIND_CFLAGS_set=
ac_cv_env_VALGRIND_CFLAGS_value=
ac_cv_env_VALGRIND_LIBS_set=
ac_cv_env_VALGRIND_LIBS_value=
ac_cv_env_YAGGO_set=
ac_cv_env_YAGGO_value=
ac_cv_env_build_alias_set=
ac_cv_env_build_alias_value=
ac_cv_env_host_alias_set=
ac_cv_env_host_alias_value=
ac_cv_env_target_alias_set=
ac_cv_env_target_alias_value=
ac_cv_func_aligned_alloc=yes
ac_cv_func_posix_memalign=yes
ac_cv_header_dlfcn_h=yes
ac_cv_header_execinfo_h=yes
ac_cv_header_ext_stdio_filebuf_h=yes
ac_cv_header_inttypes_h=yes
ac_cv_header_memory_h=yes
ac_cv_header_stdc=yes
ac_cv_header_stdint_h=yes
ac_cv_header_stdlib_h=yes
ac_cv_header_string_h=yes
ac_cv_header_strings_h=yes
ac_cv_header_sys_stat_h=yes
ac_cv_header_sys_syscall_h=yes
ac_cv_header_sys_types_h=yes
ac_cv_header_unistd_h=yes
ac_cv_host=x86_64-pc-linux-gnu
ac_cv_member_siginfo_t_si_int=yes
ac_cv_objext=o
ac_cv_path_EGREP='/usr/bin/grep -E'
ac_cv_path_FGREP='/usr/bin/grep -F'
ac_cv_path_GREP=/usr/bin/grep
ac_cv_path_SAMTOOLS=/usr/bin/samtools
ac_cv_path_SED=/usr/bin/sed
ac_cv_path_YAGGO=/usr/bin/yaggo
ac_cv_path_ac_pt_PKG_CONFIG=/usr/bin/pkg-config
ac_cv_path_install='/usr/bin/install -c'
ac_cv_path_lt_DD=/usr/bin/dd
ac_cv_path_mkdir=/usr/bin/mkdir
ac_cv_prog_AWK=gawk
ac_cv_prog_CPP='gcc -E'
ac_cv_prog_CXXCPP='g++ -E'
ac_cv_prog_MD5=md5sum
ac_cv_prog_ac_ct_AR=ar
ac_cv_prog_ac_ct_CC=gcc
ac_cv_prog_ac_ct_CXX=g++
ac_cv_prog_ac_ct_MANIFEST_TOOL=mt
ac_cv_prog_ac_ct_OBJDUMP=objdump
ac_cv_prog_ac_ct_RANLIB=ranlib
ac_cv_prog_ac_ct_STRIP=strip
ac_cv_prog_cc_c89=
ac_cv_prog_cc_g=yes
ac_cv_prog_cxx_g=yes
ac_cv_prog_make_make_set=yes
ac_cv_type___int128=yes
acl_cv_hardcode_direct=no
acl_cv_hardcode_libdir_flag_spec='${wl}-rpath ${wl}$libdir'
acl_cv_hardcode_libdir_separator=
acl_cv_hardcode_minus_L=no
acl_cv_libext=a
acl_cv_path_LD='/usr/bin/ld -m elf_x86_64'
acl_cv_prog_gnu_ld=yes
acl_cv_rpath=done
acl_cv_shlibext=so
acl_cv_wl=-Wl,
am_cv_CC_dependencies_compiler_type=gcc3
am_cv_CXX_dependencies_compiler_type=gcc3
am_cv_make_support_nested_variables=yes
am_cv_prog_cc_c_o=yes
ax_cv_check_cxxflags___mabm=yes
ax_cv_check_cxxflags___madx=yes
ax_cv_check_cxxflags___maes=yes
ax_cv_check_cxxflags___mavx2=yes
ax_cv_check_cxxflags___mavx=yes
ax_cv_check_cxxflags___mbmi2=yes
ax_cv_check_cxxflags___mbmi=yes
ax_cv_check_cxxflags___mfma=yes
ax_cv_check_cxxflags___mmmx=yes
ax_cv_check_cxxflags___mmpx=yes
ax_cv_check_cxxflags___mrdrnd=yes
ax_cv_check_cxxflags___msse2=yes
ax_cv_check_cxxflags___msse3=yes
ax_cv_check_cxxflags___msse4_1=yes
ax_cv_check_cxxflags___msse4_2=yes
ax_cv_check_cxxflags___msse=yes
ax_cv_check_cxxflags___mssse3=yes
ax_cv_gcc_x86_avx_xgetbv_0x00000000=1f:0
ax_cv_gcc_x86_avx_xgetbv_=unknown
ax_cv_gcc_x86_cpuid_0x00000000=16:756e6547:6c65746e:49656e69
ax_cv_gcc_x86_cpuid_0x00000001=906ea:6100800:7ffafbbf:bfebfbff
ax_cv_gcc_x86_cpuid_0x00000007=0:29c67af:40000000:9c002e00
ax_cv_gcc_x86_cpuid_0x80000000=80000008:0:0:0
ax_cv_gcc_x86_cpuid_0x80000001=0:0:121:2c100800
ax_cv_gcc_x86_cpuid_=unknown
ax_cv_have_abm_cpu_ext=yes
ax_cv_have_abm_ext=yes
ax_cv_have_adx_cpu_ext=yes
ax_cv_have_adx_ext=yes
ax_cv_have_aes_cpu_ext=yes
ax_cv_have_aes_ext=yes
ax_cv_have_avx2_cpu_ext=yes
ax_cv_have_avx2_ext=yes
ax_cv_have_avx512_os_support_ext=no
ax_cv_have_avx512bw_cpu_ext=no
ax_cv_have_avx512bw_ext=no
ax_cv_have_avx512cd_cpu_ext=no
ax_cv_have_avx512cd_ext=no
ax_cv_have_avx512dq_cpu_ext=no
ax_cv_have_avx512dq_ext=no
ax_cv_have_avx512er_cpu_ext=no
ax_cv_have_avx512er_ext=no
ax_cv_have_avx512f_cpu_ext=no
ax_cv_have_avx512f_ext=no
ax_cv_have_avx512ifma_cpu_ext=no
ax_cv_have_avx512ifma_ext=no
ax_cv_have_avx512pf_cpu_ext=no
ax_cv_have_avx512pf_ext=no
ax_cv_have_avx512vbmi_cpu_ext=no
ax_cv_have_avx512vbmi_ext=no
ax_cv_have_avx512vl_cpu_ext=no
ax_cv_have_avx512vl_ext=no
ax_cv_have_avx_cpu_ext=yes
ax_cv_have_avx_ext=yes
ax_cv_have_avx_os_support_ext=yes
ax_cv_have_bmi1_cpu_ext=yes
ax_cv_have_bmi1_ext=yes
ax_cv_have_bmi2_cpu_ext=yes
ax_cv_have_bmi2_ext=yes
ax_cv_have_fma3_cpu_ext=yes
ax_cv_have_fma3_ext=yes
ax_cv_have_fma4_cpu_ext=no
ax_cv_have_fma4_ext=no
ax_cv_have_mmx_cpu_ext=yes
ax_cv_have_mmx_ext=yes
ax_cv_have_mmx_os_support_ext=yes
ax_cv_have_mpx_cpu_ext=yes
ax_cv_have_mpx_ext=yes
ax_cv_have_none_os_support_ext=yes
ax_cv_have_prefetchwt1_cpu_ext=no
ax_cv_have_prefetchwt1_ext=no
ax_cv_have_rdrnd_cpu_ext=yes
ax_cv_have_rdrnd_ext=yes
ax_cv_have_sha_cpu_ext=no
ax_cv_have_sha_ext=no
ax_cv_have_sse2_cpu_ext=yes
ax_cv_have_sse2_ext=yes
ax_cv_have_sse3_cpu_ext=yes
ax_cv_have_sse3_ext=yes
ax_cv_have_sse41_cpu_ext=yes
ax_cv_have_sse41_ext=yes
ax_cv_have_sse42_cpu_ext=yes
ax_cv_have_sse42_ext=yes
ax_cv_have_sse4a_cpu_ext=no
ax_cv_have_sse4a_ext=no
ax_cv_have_sse_cpu_ext=yes
ax_cv_have_sse_ext=yes
ax_cv_have_sse_os_support_ext=yes
ax_cv_have_ssse3_cpu_ext=yes
ax_cv_have_ssse3_ext=yes
ax_cv_have_xop_cpu_ext=no
ax_cv_have_xop_ext=no
ax_cv_support_abm_ext=yes
ax_cv_support_adx_ext=yes
ax_cv_support_aes_ext=yes
ax_cv_support_avx2_ext=yes
ax_cv_support_avx512bw_ext=no
ax_cv_support_avx512cd_ext=no
ax_cv_support_avx512dq_ext=no
ax_cv_support_avx512er_ext=no
ax_cv_support_avx512f_ext=no
ax_cv_support_avx512ifma_ext=no
ax_cv_support_avx512pf_ext=no
ax_cv_support_avx512vbmi_ext=no
ax_cv_support_avx512vl_ext=no
ax_cv_support_avx_ext=yes
ax_cv_support_bmi1_ext=yes
ax_cv_support_bmi2_ext=yes
ax_cv_support_fma3_ext=yes
ax_cv_support_fma4_ext=no
ax_cv_support_mmx_ext=yes
ax_cv_support_mpx_ext=yes
ax_cv_support_prefetchwt1_ext=no
ax_cv_support_rdrnd_ext=yes
ax_cv_support_sha_ext=no
ax_cv_support_sse2_ext=yes
ax_cv_support_sse3_ext=yes
ax_cv_support_sse41_ext=yes
ax_cv_support_sse42_ext=yes
ax_cv_support_sse4a_ext=no
ax_cv_support_sse_ext=yes
ax_cv_support_ssse3_ext=yes
ax_cv_support_xop_ext=no
lt_cv_ar_at_file=@
lt_cv_archive_cmds_need_lc=no
lt_cv_deplibs_check_method=pass_all
lt_cv_file_magic_cmd='$MAGIC_CMD'
lt_cv_file_magic_test_file=
lt_cv_ld_reload_flag=-r
lt_cv_nm_interface='BSD nm'
lt_cv_objdir=.libs
lt_cv_path_LD=/usr/bin/ld
lt_cv_path_LDCXX='/usr/bin/ld -m elf_x86_64'
lt_cv_path_NM='/usr/bin/nm -B'
lt_cv_path_mainfest_tool=no
lt_cv_prog_compiler_c_o=yes
lt_cv_prog_compiler_c_o_CXX=yes
lt_cv_prog_compiler_pic='-fPIC -DPIC'
lt_cv_prog_compiler_pic_CXX='-fPIC -DPIC'
lt_cv_prog_compiler_pic_works=yes
lt_cv_prog_compiler_pic_works_CXX=yes
lt_cv_prog_compiler_rtti_exceptions=no
lt_cv_prog_compiler_static_works=yes
lt_cv_prog_compiler_static_works_CXX=yes
lt_cv_prog_gnu_ld=yes
lt_cv_prog_gnu_ldcxx=yes
lt_cv_sharedlib_from_linklib_cmd='printf %s\n'
lt_cv_shlibpath_overrides_runpath=yes
lt_cv_sys_global_symbol_pipe='sed -n -e '\''s/^.*[	 ]\([ABCDGIRSTW][ABCDGIRSTW]*\)[	 ][	 ]*\([_A-Za-z][_A-Za-z0-9]*\)$/\1 \2 \2/p'\'' | sed '\''/ __gnu_lto/d'\'''
lt_cv_sys_global_symbol_to_c_name_address='sed -n -e '\''s/^: \(.*\) .*$/  {"\1", (void *) 0},/p'\'' -e '\''s/^[ABCDGIRSTW][ABCDGIRSTW]* .* \(.*\)$/  {"\1", (void *) \&\1},/p'\'''
lt_cv_sys_global_symbol_to_c_name_address_lib_prefix='sed -n -e '\''s/^: \(.*\) .*$/  {"\1", (void *) 0},/p'\'' -e '\''s/^[ABCDGIRSTW][ABCDGIRSTW]* .* \(lib.*\)$/  {"\1", (void *) \&\1},/p'\'' -e '\''s/^[ABCDGIRSTW][ABCDGIRSTW]* .* \(.*\)$/  {"lib\1", (void *) \&\1},/p'\'''
lt_cv_sys_global_symbol_to_cdecl='sed -n -e '\''s/^T .* \(.*\)$/extern int \1();/p'\'' -e '\''s/^[ABCDGIRSTW][ABCDGIRSTW]* .* \(.*\)$/extern char \1;/p'\'''
lt_cv_sys_global_symbol_to_import=
lt_cv_sys_max_cmd_len=1572864
lt_cv_to_host_file_cmd=func_convert_file_noop
lt_cv_to_tool_file_cmd=func_convert_file_noop
lt_cv_truncate_bin='/usr/bin/dd bs=4096 count=1'

## ----------------- ##
## Output variables. ##
## ----------------- ##

ACLOCAL='${SHELL} /home/kushagra/Documents/IISc_Internship/Jellyfish/Code/Jellyfish_hacking_Aug13/missing aclocal-1.16'
AMDEPBACKSLASH='\'
AMDEP_FALSE='#'
AMDEP_TRUE=''
AMTAR='$${TAR-tar}'
AM_BACKSLASH='\'
AM_DEFAULT_V='$(AM_DEFAULT_VERBOSITY)'
AM_DEFAULT_VERBOSITY='0'
AM_V='$(V)'
AR='ar'
AUTOCONF='${SHELL} /home/kushagra/Documents/IISc_Internship/Jellyfish/Code/Jellyfish_hacking_Aug13/missing autoconf'
AUTOHEADER='${SHELL} /home/kushagra/Documents/IISc_Internship/Jellyfish/Code/Jellyfish_hacking_Aug13/missing autoheader'
AUTOMAKE='${SHELL} /home/kushagra/Documents/IISc_Internship/Jellyfish/Code/Jellyfish_hacking_Aug13/missing automake-1.16'
AWK='gawk'
CC='gcc'
CCDEPMODE='depmode=gcc3'
CFLAGS='-g -O2'
CPP='gcc -E'
CPPFLAGS=''
CPUEXT_FLAGS=' -mrdrnd -mbmi -mbmi2 -madx -mmpx -mabm'
CXX='g++'
CXXCPP='g++ -E'
CXXDEPMODE='depmode=gcc3'
CXXFLAGS='-std=c++11 -g -O2'
CYGPATH_W='echo'
DEFS='-DHAVE_CONFIG_H'
DEPDIR='.deps'
DLLTOOL='false'
DSYMUTIL=''
DUMPBIN=''
ECHO_C=''
ECHO_N='-n'
ECHO_T=''
EGREP='/usr/bin/grep -E'
EXEEXT=''
FGREP='/usr/bin/grep -F'
GREP='/usr/bin/grep'
HAVE_SWIG_FALSE=''
HAVE_SWIG_TRUE='#'
HTSLIB_CFLAGS=''
HTSLIB_LIBS=''
HTSLIB_RPATH=''
INSTALL_DATA='${INSTALL} -m 644'
INSTALL_PROGRAM='${INSTALL}'
INSTALL_SCRIPT='${INSTALL}'
INSTALL_STRIP_PROGRAM='$(install_sh) -c -s'
LD='/usr/bin/ld -m elf_x86_64'
LDFLAGS=''
LIBOBJS=''
LIBS=''
LIBTOOL='$(SHELL) $(top_builddir)/libtool'
LIPO=''
LN_S='ln -s'
LTLIBOBJS=''
LT_SYS_LIBRARY_PATH=''
MAKEINFO='${SHELL} /home/kushagra/Documents/IISc_Internship/Jellyfish/Code/Jellyfish_hacking_Aug13/missing makeinfo'
MANIFEST_TOOL=':'
MD5='md5sum'
MKDIR_P='/usr/bin/mkdir -p'
NM='/usr/bin/nm -B'
NMEDIT=''
OBJDUMP='objdump'
OBJEXT='o'
OTOOL64=''
OTOOL=''
PACKAGE='jellyfish'
PACKAGE_BUGREPORT='gmarcais@umd.edu'
PACKAGE_LIB='2.0'
PACKAGE_NAME='jellyfish'
PACKAGE_STRING='jellyfish 2.3.0'
PACKAGE_TARNAME='jellyfish'
PACKAGE_URL=''
PACKAGE_VERSION='2.3.0'
PATH_SEPARATOR=':'
PERL=''
PERL_BINDING_FALSE=''
PERL_BINDING_TRUE='#'
PERL_EXT_CPPFLAGS=''
PERL_EXT_INC=''
PERL_EXT_LDFLAGS=''
PERL_EXT_LIB=''
PERL_EXT_PREFIX=''
PKG_CONFIG='/usr/bin/pkg-config'
PKG_CONFIG_LIBDIR=''
PKG_CONFIG_PATH=''
PYTHON=''
PYTHON_BINDING_FALSE=''
PYTHON_BINDING_TRUE='#'
PYTHON_CPPFLAGS=''
PYTHON_DEPRECATED_FALSE='#'
PYTHON_DEPRECATED_TRUE=''
PYTHON_EXTRA_LDFLAGS=''
PYTHON_EXTRA_LIBS=''
PYTHON_LDFLAGS=''
PYTHON_SITE_PKG=''
PYTHON_VERSION=''
RANLIB='ranlib'
RUBY=''
RUBY_BINDING_FALSE=''
RUBY_BINDING_TRUE='#'
RUBY_EXT_CFLAGS=''
RUBY_EXT_LDFLAGS=''
RUBY_EXT_LIB=''
RUBY_EXT_LIBS=''
RUBY_VERSION=''
SAMTOOLS='/usr/bin/samtools'
SED='/usr/bin/sed'
SET_MAKE=''
SHELL='/bin/bash'
SIMD_FLAGS=' -mmmx -msse -msse2 -msse3 -mssse3 -msse4.1 -msse4.2 -maes -mavx -mfma -mavx2'
STATIC_FLAGS=''
STRIP='strip'
SWIG=''
SWIG_LIB=''
UNIX2DOS=''
VALGRIND_CFLAGS=''
VALGRIND_LIBS=''
VERSION='2.3.0'
YAGGO='/usr/bin/yaggo'
ac_ct_AR='ar'
ac_ct_CC='gcc'
ac_ct_CXX='g++'
ac_ct_DUMPBIN=''
am__EXEEXT_FALSE=''
am__EXEEXT_TRUE='#'
am__fastdepCC_FALSE='#'
am__fastdepCC_TRUE=''
am__fastdepCXX_FALSE='#'
am__fastdepCXX_TRUE=''
am__include='include'
am__isrc=''
am__leading_dot='.'
am__nodep='_no'
am__quote=''
am__tar='$${TAR-tar} chof - "$$tardir"'
am__untar='$${TAR-tar} xf -'
bindir='${exec_prefix}/bin'
build='x86_64-pc-linux-gnu'
build_alias=''
build_cpu='x86_64'
build_os='linux-gnu'
build_vendor='pc'
datadir='${datarootdir}'
datarootdir='${prefix}/share'
docdir='${datarootdir}/doc/${PACKAGE_TARNAME}'
dvidir='${docdir}'
exec_prefix='${prefix}'
host='x86_64-pc-linux-gnu'
host_alias=''
host_cpu='x86_64'
host_os='linux-gnu'
host_vendor='pc'
htmldir='${docdir}'
includedir='${prefix}/include'
infodir='${datarootdir}/info'
install_sh='${SHELL} /home/kushagra/Documents/IISc_Internship/Jellyfish/Code/Jellyfish_hacking_Aug13/install-sh'
libdir='${exec_prefix}/lib'
libexecdir='${exec_prefix}/libexec'
localedir='${datarootdir}/locale'
localstatedir='${prefix}/var'
mandir='${datarootdir}/man'
mkdir_p='$(MKDIR_P)'
oldincludedir='/usr/include'
pdfdir='${docdir}'
prefix='/usr/local'
program_transform_name='s,x,x,'
psdir='${docdir}'
runstatedir='${localstatedir}/run'
sbindir='${exec_prefix}/sbin'
sharedstatedir='${prefix}/com'
sysconfdir='${prefix}/etc'
target_alias=''

## ----------- ##
## confdefs.h. ##
## ----------- ##

/* confdefs.h */
#define PACKAGE_NAME "jellyfish"
#define PACKAGE_TARNAME "jellyfish"
#define PACKAGE_VERSION "2.3.0"
#define PACKAGE_STRING "jellyfish 2.3.0"
#define PACKAGE_BUGREPORT "gmarcais@umd.edu"
#define PACKAGE_URL ""
#define PACKAGE "jellyfish"
#define VERSION "2.3.0"
#define STDC_HEADERS 1
#define HAVE_SYS_TYPES_H 1
#define HAVE_SYS_STAT_H 1
#define HAVE_STDLIB_H 1
#define HAVE_STRING_H 1
#define HAVE_MEMORY_H 1
#define HAVE_STRINGS_H 1
#define HAVE_INTTYPES_H 1
#define HAVE_STDINT_H 1
#define HAVE_UNISTD_H 1
#define HAVE_DLFCN_H 1
#define LT_OBJDIR ".libs/"
#define HAVE_RDRND 1
#define HAVE_BMI1 1
#define HAVE_BMI2 1
#define HAVE_ADX 1
#define HAVE_MPX 1
#define HAVE_ABM 1
#define HAVE_MMX 1
#define HAVE_SSE 1
#define HAVE_SSE2 1
#define HAVE_SSE3 1
#define HAVE_SSSE3 1
#define HAVE_SSE4_1 1
#define HAVE_SSE4_2 1
#define HAVE_AES 1
#define HAVE_AVX 1
#define HAVE_FMA3 1
#define HAVE_AVX2 1
#define HAVE_INT128 1
#define HAVE_EXECINFO_H 1
#define HAVE_EXT_STDIO_FILEBUF_H 1
#define HAVE_SYS_SYSCALL_H 1
#define HAVE_SI_INT 1
#define HAVE_POSIX_MEMALIGN 1
#define HAVE_ALIGNED_ALLOC 1

configure: exit 0
